<?xml version="1.0" encoding="UTF-8"?>
<!-- Generated by org.testng.reporters.JUnitReportReporter -->
<testsuite hostname="DuyQuan" failures="0" tests="1" name="test.testDemo" time="2.250" errors="0" timestamp="2022-11-08T10:32:57 ICT" skipped="0">
  <testcase classname="test.testDemo" name="loginErrorMsgPassword" time="2.250"/>
  <system-out/>
</testsuite> <!-- test.testDemo -->
